c:\users\gabri\onedrive\desktop\arm\keil\applications dll\visual studio projects\mfclibrary1\mfclibrary1\debug\mfclibrary1.pch
c:\users\gabri\onedrive\desktop\arm\keil\applications dll\visual studio projects\mfclibrary1\mfclibrary1\debug\vc142.pdb
c:\users\gabri\onedrive\desktop\arm\keil\applications dll\visual studio projects\mfclibrary1\mfclibrary1\debug\vc142.idb
c:\users\gabri\onedrive\desktop\arm\keil\applications dll\visual studio projects\mfclibrary1\mfclibrary1\debug\pch.obj
c:\users\gabri\onedrive\desktop\arm\keil\applications dll\visual studio projects\mfclibrary1\mfclibrary1\debug\mfclibrary1.obj
c:\users\gabri\onedrive\desktop\arm\keil\applications dll\visual studio projects\mfclibrary1\mfclibrary1\debug\ethernethub.obj
c:\users\gabri\onedrive\desktop\arm\keil\applications dll\visual studio projects\mfclibrary1\mfclibrary1\debug\ethernetclient.obj
d:\softwares_os\keil_v5\arm\bin\mfclibrary1.dll
c:\users\gabri\onedrive\desktop\arm\keil\applications dll\visual studio projects\mfclibrary1\debug\mfclibrary1.ilk
c:\users\gabri\onedrive\desktop\arm\keil\applications dll\visual studio projects\mfclibrary1\debug\mfclibrary1.dll
c:\users\gabri\onedrive\desktop\arm\keil\applications dll\visual studio projects\mfclibrary1\debug\mfclibrary1.pdb
c:\users\gabri\onedrive\desktop\arm\keil\applications dll\visual studio projects\mfclibrary1\debug\mfclibrary1.lib
c:\users\gabri\onedrive\desktop\arm\keil\applications dll\visual studio projects\mfclibrary1\debug\mfclibrary1.exp
c:\users\gabri\onedrive\desktop\arm\keil\applications dll\visual studio projects\mfclibrary1\mfclibrary1\debug\mfclibrary1.res
c:\users\gabri\onedrive\desktop\arm\keil\applications dll\visual studio projects\mfclibrary1\mfclibrary1\debug\mfclibrary1.tlog\cl.command.1.tlog
c:\users\gabri\onedrive\desktop\arm\keil\applications dll\visual studio projects\mfclibrary1\mfclibrary1\debug\mfclibrary1.tlog\cl.read.1.tlog
c:\users\gabri\onedrive\desktop\arm\keil\applications dll\visual studio projects\mfclibrary1\mfclibrary1\debug\mfclibrary1.tlog\cl.write.1.tlog
c:\users\gabri\onedrive\desktop\arm\keil\applications dll\visual studio projects\mfclibrary1\mfclibrary1\debug\mfclibrary1.tlog\custombuildstep.read.1u.tlog
c:\users\gabri\onedrive\desktop\arm\keil\applications dll\visual studio projects\mfclibrary1\mfclibrary1\debug\mfclibrary1.tlog\custombuildstep.write.1u.tlog
c:\users\gabri\onedrive\desktop\arm\keil\applications dll\visual studio projects\mfclibrary1\mfclibrary1\debug\mfclibrary1.tlog\link.command.1.tlog
c:\users\gabri\onedrive\desktop\arm\keil\applications dll\visual studio projects\mfclibrary1\mfclibrary1\debug\mfclibrary1.tlog\link.read.1.tlog
c:\users\gabri\onedrive\desktop\arm\keil\applications dll\visual studio projects\mfclibrary1\mfclibrary1\debug\mfclibrary1.tlog\link.write.1.tlog
c:\users\gabri\onedrive\desktop\arm\keil\applications dll\visual studio projects\mfclibrary1\mfclibrary1\debug\mfclibrary1.tlog\mfclibrary1.write.1u.tlog
c:\users\gabri\onedrive\desktop\arm\keil\applications dll\visual studio projects\mfclibrary1\mfclibrary1\debug\mfclibrary1.tlog\rc.command.1.tlog
c:\users\gabri\onedrive\desktop\arm\keil\applications dll\visual studio projects\mfclibrary1\mfclibrary1\debug\mfclibrary1.tlog\rc.read.1.tlog
c:\users\gabri\onedrive\desktop\arm\keil\applications dll\visual studio projects\mfclibrary1\mfclibrary1\debug\mfclibrary1.tlog\rc.write.1.tlog
